2025-08-18 17:45:40,818 - INFO - Generating SQLite database at 'output_files\originals\supercourier_logistics.db' with 2341 records...
2025-08-18 17:45:40,898 - INFO - SQLite database generated successfully.
2025-08-18 17:45:40,899 - INFO - Generating JSON weather data at 'output_files\originals\weather_conditions.json' for the last 124 days...
2025-08-18 17:45:40,931 - INFO - JSON weather data generated successfully.
2025-08-18 17:45:40,932 - INFO - Extracting data from 'output_files\originals\supercourier_logistics.db'...
2025-08-18 17:45:40,943 - INFO - Successfully extracted 2341 records from the database.
2025-08-18 17:45:40,944 - INFO - Starting data transformation pipeline...
2025-08-18 17:45:40,991 - WARNING - Some records could not be matched with weather data.
2025-08-18 17:45:41,007 - INFO - Data transformation complete.
2025-08-18 17:45:41,007 - INFO - Loading final data to 'output_files\deliveries_analysis.csv'...
2025-08-18 17:45:41,027 - INFO - Successfully saved the final dataset to 'output_files\deliveries_analysis.csv'.
2025-08-18 17:45:41,027 - INFO - Loading final data to 'output_files\deliveries_analysis.parquet'...
2025-08-18 17:45:41,076 - INFO - Successfully saved the final dataset to 'output_files\deliveries_analysis.parquet'.
2025-08-18 17:45:41,077 - INFO - Loading final data to 'output_files\deliveries_analysis.json'...
2025-08-18 17:45:41,085 - INFO - Successfully saved the final dataset to 'output_files\deliveries_analysis.json'.
2025-08-18 17:45:41,085 - INFO - Loading final data to 'output_files\deliveries_analysis.db'...
2025-08-18 17:45:41,134 - INFO - Successfully saved the final dataset to 'output_files\deliveries_analysis.db'.
2025-08-18 17:45:41,134 - INFO - Loading final data to 'output_files\deliveries_analysis.xlsx'...
2025-08-18 17:45:41,501 - INFO - Successfully saved the final dataset to 'output_files\deliveries_analysis.xlsx'.
2025-08-18 17:45:41,502 - INFO - ETL Pipeline completed successfully in 0.68 seconds.
