2025-08-07 04:08:08,964 - INFO - Generating SQLite database at 'output_files\originals\supercourier_logistics.db' with 1000 records...
2025-08-07 04:08:09,010 - INFO - SQLite database generated successfully.
2025-08-07 04:08:09,011 - INFO - Generating JSON weather data at 'output_files\originals\weather_conditions.json' for the last 90 days...
2025-08-07 04:08:09,028 - INFO - JSON weather data generated successfully.
2025-08-07 04:08:09,029 - INFO - Extracting data from 'output_files\originals\supercourier_logistics.db'...
2025-08-07 04:08:09,034 - INFO - Successfully extracted 1000 records from the database.
2025-08-07 04:08:09,035 - INFO - Starting data transformation pipeline...
2025-08-07 04:08:09,060 - WARNING - Some records could not be matched with weather data.
2025-08-07 04:08:09,068 - INFO - Data transformation complete.
2025-08-07 04:08:09,069 - INFO - Loading final data to 'output_files\deliveries_analysis.csv'...
2025-08-07 04:08:09,077 - INFO - Successfully saved the final dataset to 'output_files\deliveries_analysis.csv'.
2025-08-07 04:08:09,077 - INFO - Loading final data to 'output_files\deliveries_analysis.parquet'...
2025-08-07 04:08:09,102 - INFO - Successfully saved the final dataset to 'output_files\deliveries_analysis.parquet'.
2025-08-07 04:08:09,103 - INFO - Loading final data to 'output_files\deliveries_analysis.json'...
2025-08-07 04:08:09,106 - INFO - Successfully saved the final dataset to 'output_files\deliveries_analysis.json'.
2025-08-07 04:08:09,106 - INFO - Loading final data to 'output_files\deliveries_analysis.db'...
2025-08-07 04:08:09,143 - INFO - Successfully saved the final dataset to 'output_files\deliveries_analysis.db'.
2025-08-07 04:08:09,143 - INFO - Loading final data to 'output_files\deliveries_analysis.xlsx'...
2025-08-07 04:08:09,300 - INFO - Successfully saved the final dataset to 'output_files\deliveries_analysis.xlsx'.
2025-08-07 04:08:09,300 - INFO - ETL Pipeline completed successfully in 0.34 seconds.
